{"/home/nikolas/Documents/driven/BarTab/back-end/src/database.ts": {"path":"/home/nikolas/Documents/driven/BarTab/back-end/src/database.ts","statementMap":{"0":{"start":{"line":3,"column":25},"end":{"line":3,"column":28}},"1":{"start":{"line":4,"column":22},"end":{"line":4,"column":40}}},"fnMap":{},"branchMap":{},"s":{"0":4,"1":4},"f":{},"b":{}}
,"/home/nikolas/Documents/driven/BarTab/back-end/src/repositories/authRepository.ts": {"path":"/home/nikolas/Documents/driven/BarTab/back-end/src/repositories/authRepository.ts","statementMap":{"0":{"start":{"line":6,"column":4},"end":{"line":6,"column":62}},"1":{"start":{"line":10,"column":4},"end":{"line":10,"column":52}},"2":{"start":{"line":13,"column":23},"end":{"line":16,"column":2}}},"fnMap":{"0":{"name":"getByEmail","decl":{"start":{"line":5,"column":15},"end":{"line":5,"column":25}},"loc":{"start":{"line":5,"column":39},"end":{"line":7,"column":null}}},"1":{"name":"create","decl":{"start":{"line":9,"column":15},"end":{"line":9,"column":21}},"loc":{"start":{"line":9,"column":43},"end":{"line":11,"column":null}}}},"branchMap":{},"s":{"0":0,"1":0,"2":1},"f":{"0":0,"1":0},"b":{}}
,"/home/nikolas/Documents/driven/BarTab/back-end/src/repositories/itemsRepository.ts": {"path":"/home/nikolas/Documents/driven/BarTab/back-end/src/repositories/itemsRepository.ts","statementMap":{"0":{"start":{"line":5,"column":4},"end":{"line":9,"column":6}},"1":{"start":{"line":13,"column":4},"end":{"line":15,"column":7}},"2":{"start":{"line":19,"column":4},"end":{"line":21,"column":7}},"3":{"start":{"line":25,"column":43},"end":{"line":40,"column":6}},"4":{"start":{"line":42,"column":4},"end":{"line":42,"column":18}},"5":{"start":{"line":45,"column":24},"end":{"line":50,"column":2}}},"fnMap":{"0":{"name":"createItems","decl":{"start":{"line":4,"column":15},"end":{"line":4,"column":26}},"loc":{"start":{"line":4,"column":50},"end":{"line":10,"column":null}}},"1":{"name":"findMany","decl":{"start":{"line":12,"column":15},"end":{"line":12,"column":23}},"loc":{"start":{"line":12,"column":39},"end":{"line":16,"column":null}}},"2":{"name":"createParticipantItemRelation","decl":{"start":{"line":18,"column":15},"end":{"line":18,"column":44}},"loc":{"start":{"line":18,"column":89},"end":{"line":22,"column":null}}},"3":{"name":"findParticipantsItems","decl":{"start":{"line":24,"column":15},"end":{"line":24,"column":36}},"loc":{"start":{"line":24,"column":52},"end":{"line":43,"column":null}}}},"branchMap":{},"s":{"0":0,"1":0,"2":0,"3":0,"4":0,"5":1},"f":{"0":0,"1":0,"2":0,"3":0},"b":{}}
,"/home/nikolas/Documents/driven/BarTab/back-end/src/repositories/participantsRepository.ts": {"path":"/home/nikolas/Documents/driven/BarTab/back-end/src/repositories/participantsRepository.ts","statementMap":{"0":{"start":{"line":5,"column":4},"end":{"line":9,"column":null}},"1":{"start":{"line":13,"column":4},"end":{"line":13,"column":59}},"2":{"start":{"line":17,"column":4},"end":{"line":17,"column":69}},"3":{"start":{"line":22,"column":31},"end":{"line":26,"column":null}}},"fnMap":{"0":{"name":"createParticipants","decl":{"start":{"line":4,"column":15},"end":{"line":4,"column":33}},"loc":{"start":{"line":4,"column":75},"end":{"line":10,"column":null}}},"1":{"name":"createParticipant","decl":{"start":{"line":12,"column":15},"end":{"line":12,"column":32}},"loc":{"start":{"line":12,"column":67},"end":{"line":14,"column":null}}},"2":{"name":"findManyByTable","decl":{"start":{"line":16,"column":15},"end":{"line":16,"column":30}},"loc":{"start":{"line":16,"column":46},"end":{"line":18,"column":null}}}},"branchMap":{},"s":{"0":0,"1":0,"2":0,"3":1},"f":{"0":0,"1":0,"2":0},"b":{}}
,"/home/nikolas/Documents/driven/BarTab/back-end/src/repositories/tablesRespository.ts": {"path":"/home/nikolas/Documents/driven/BarTab/back-end/src/repositories/tablesRespository.ts","statementMap":{"0":{"start":{"line":5,"column":4},"end":{"line":5,"column":54}},"1":{"start":{"line":9,"column":4},"end":{"line":9,"column":60}},"2":{"start":{"line":13,"column":4},"end":{"line":13,"column":63}},"3":{"start":{"line":17,"column":4},"end":{"line":17,"column":53}},"4":{"start":{"line":20,"column":24},"end":{"line":25,"column":2}}},"fnMap":{"0":{"name":"createTable","decl":{"start":{"line":4,"column":15},"end":{"line":4,"column":26}},"loc":{"start":{"line":4,"column":49},"end":{"line":6,"column":null}}},"1":{"name":"findById","decl":{"start":{"line":8,"column":15},"end":{"line":8,"column":23}},"loc":{"start":{"line":8,"column":34},"end":{"line":10,"column":null}}},"2":{"name":"findByUser","decl":{"start":{"line":12,"column":15},"end":{"line":12,"column":25}},"loc":{"start":{"line":12,"column":40},"end":{"line":14,"column":null}}},"3":{"name":"deleteCurrent","decl":{"start":{"line":16,"column":15},"end":{"line":16,"column":28}},"loc":{"start":{"line":16,"column":43},"end":{"line":18,"column":null}}}},"branchMap":{},"s":{"0":0,"1":0,"2":0,"3":0,"4":1},"f":{"0":0,"1":0,"2":0,"3":0},"b":{}}
,"/home/nikolas/Documents/driven/BarTab/back-end/src/services/authServices.ts": {"path":"/home/nikolas/Documents/driven/BarTab/back-end/src/services/authServices.ts","statementMap":{"0":{"start":{"line":10,"column":35},"end":{"line":10,"column":85}},"1":{"start":{"line":11,"column":4},"end":{"line":11,"column":77}},"2":{"start":{"line":11,"column":32},"end":{"line":11,"column":77}},"3":{"start":{"line":13,"column":4},"end":{"line":13,"column":69}},"4":{"start":{"line":15,"column":4},"end":{"line":15,"column":45}},"5":{"start":{"line":19,"column":17},"end":{"line":19,"column":64}},"6":{"start":{"line":20,"column":4},"end":{"line":20,"column":61}},"7":{"start":{"line":20,"column":15},"end":{"line":20,"column":61}},"8":{"start":{"line":22,"column":28},"end":{"line":22,"column":81}},"9":{"start":{"line":23,"column":4},"end":{"line":23,"column":56}},"10":{"start":{"line":23,"column":25},"end":{"line":23,"column":56}},"11":{"start":{"line":25,"column":4},"end":{"line":25,"column":25}},"12":{"start":{"line":27,"column":20},"end":{"line":27,"column":36}},"13":{"start":{"line":28,"column":19},"end":{"line":28,"column":41}},"14":{"start":{"line":29,"column":18},"end":{"line":29,"column":64}},"15":{"start":{"line":30,"column":4},"end":{"line":30,"column":17}},"16":{"start":{"line":33,"column":20},"end":{"line":36,"column":2}}},"fnMap":{"0":{"name":"createNewUser","decl":{"start":{"line":9,"column":15},"end":{"line":9,"column":28}},"loc":{"start":{"line":9,"column":50},"end":{"line":16,"column":null}}},"1":{"name":"logUserIn","decl":{"start":{"line":18,"column":15},"end":{"line":18,"column":24}},"loc":{"start":{"line":18,"column":43},"end":{"line":31,"column":null}}}},"branchMap":{"0":{"loc":{"start":{"line":11,"column":4},"end":{"line":11,"column":77}},"type":"if","locations":[{"start":{"line":11,"column":4},"end":{"line":11,"column":77}}]},"1":{"loc":{"start":{"line":20,"column":4},"end":{"line":20,"column":61}},"type":"if","locations":[{"start":{"line":20,"column":4},"end":{"line":20,"column":61}}]},"2":{"loc":{"start":{"line":23,"column":4},"end":{"line":23,"column":56}},"type":"if","locations":[{"start":{"line":23,"column":4},"end":{"line":23,"column":56}}]}},"s":{"0":2,"1":2,"2":1,"3":1,"4":1,"5":3,"6":3,"7":1,"8":2,"9":2,"10":1,"11":1,"12":1,"13":1,"14":1,"15":1,"16":1},"f":{"0":2,"1":3},"b":{"0":[1],"1":[1],"2":[1]}}
,"/home/nikolas/Documents/driven/BarTab/back-end/src/services/itemsServices.ts": {"path":"/home/nikolas/Documents/driven/BarTab/back-end/src/services/itemsServices.ts","statementMap":{"0":{"start":{"line":26,"column":40},"end":{"line":34,"column":6}},"1":{"start":{"line":27,"column":8},"end":{"line":33,"column":null}},"2":{"start":{"line":36,"column":4},"end":{"line":36,"column":49}},"3":{"start":{"line":40,"column":25},"end":{"line":40,"column":64}},"4":{"start":{"line":42,"column":56},"end":{"line":42,"column":58}},"5":{"start":{"line":44,"column":4},"end":{"line":53,"column":null}},"6":{"start":{"line":44,"column":17},"end":{"line":44,"column":18}},"7":{"start":{"line":45,"column":8},"end":{"line":52,"column":11}},"8":{"start":{"line":46,"column":12},"end":{"line":51,"column":null}},"9":{"start":{"line":55,"column":4},"end":{"line":55,"column":60}},"10":{"start":{"line":59,"column":19},"end":{"line":59,"column":58}},"11":{"start":{"line":60,"column":4},"end":{"line":60,"column":39}},"12":{"start":{"line":64,"column":16},"end":{"line":64,"column":17}},"13":{"start":{"line":65,"column":4},"end":{"line":65,"column":63}},"14":{"start":{"line":65,"column":26},"end":{"line":65,"column":61}},"15":{"start":{"line":66,"column":38},"end":{"line":69,"column":6}},"16":{"start":{"line":70,"column":4},"end":{"line":70,"column":16}},"17":{"start":{"line":74,"column":20},"end":{"line":74,"column":72}},"18":{"start":{"line":75,"column":4},"end":{"line":75,"column":56}},"19":{"start":{"line":75,"column":25},"end":{"line":75,"column":54}},"20":{"start":{"line":76,"column":4},"end":{"line":76,"column":18}},"21":{"start":{"line":80,"column":16},"end":{"line":80,"column":17}},"22":{"start":{"line":81,"column":4},"end":{"line":81,"column":92}},"23":{"start":{"line":81,"column":29},"end":{"line":81,"column":90}},"24":{"start":{"line":82,"column":4},"end":{"line":82,"column":33}},"25":{"start":{"line":85,"column":22},"end":{"line":90,"column":2}}},"fnMap":{"0":{"name":"createItems","decl":{"start":{"line":25,"column":15},"end":{"line":25,"column":26}},"loc":{"start":{"line":25,"column":69},"end":{"line":37,"column":null}}},"1":{"name":"(anonymous_9)","decl":{"start":{"line":26,"column":50},"end":{"line":26,"column":54}},"loc":{"start":{"line":26,"column":57},"end":{"line":34,"column":5}}},"2":{"name":"createItemParticipantRelation","decl":{"start":{"line":39,"column":15},"end":{"line":39,"column":44}},"loc":{"start":{"line":39,"column":87},"end":{"line":56,"column":null}}},"3":{"name":"(anonymous_12)","decl":{"start":{"line":45,"column":38},"end":{"line":45,"column":49}},"loc":{"start":{"line":45,"column":52},"end":{"line":52,"column":9}}},"4":{"name":"getTableItems","decl":{"start":{"line":58,"column":15},"end":{"line":58,"column":28}},"loc":{"start":{"line":58,"column":44},"end":{"line":61,"column":null}}},"5":{"name":"calculateTableTotal","decl":{"start":{"line":63,"column":9},"end":{"line":63,"column":28}},"loc":{"start":{"line":63,"column":42},"end":{"line":71,"column":1}}},"6":{"name":"(anonymous_16)","decl":{"start":{"line":65,"column":18},"end":{"line":65,"column":22}},"loc":{"start":{"line":65,"column":26},"end":{"line":65,"column":61}}},"7":{"name":"getParticipantsItems","decl":{"start":{"line":73,"column":15},"end":{"line":73,"column":35}},"loc":{"start":{"line":73,"column":51},"end":{"line":77,"column":null}}},"8":{"name":"(anonymous_19)","decl":{"start":{"line":75,"column":19},"end":{"line":75,"column":21}},"loc":{"start":{"line":75,"column":25},"end":{"line":75,"column":54}}},"9":{"name":"calculateParticipantTotal","decl":{"start":{"line":79,"column":9},"end":{"line":79,"column":34}},"loc":{"start":{"line":79,"column":59},"end":{"line":83,"column":1}}},"10":{"name":"(anonymous_21)","decl":{"start":{"line":81,"column":21},"end":{"line":81,"column":25}},"loc":{"start":{"line":81,"column":29},"end":{"line":81,"column":90}}}},"branchMap":{},"s":{"0":1,"1":1,"2":1,"3":1,"4":1,"5":1,"6":1,"7":1,"8":2,"9":1,"10":1,"11":1,"12":1,"13":1,"14":1,"15":1,"16":1,"17":1,"18":1,"19":1,"20":1,"21":1,"22":1,"23":1,"24":1,"25":1},"f":{"0":1,"1":1,"2":1,"3":2,"4":1,"5":1,"6":1,"7":1,"8":1,"9":1,"10":1},"b":{}}
,"/home/nikolas/Documents/driven/BarTab/back-end/src/services/participantsServices.ts": {"path":"/home/nikolas/Documents/driven/BarTab/back-end/src/services/participantsServices.ts","statementMap":{"0":{"start":{"line":8,"column":4},"end":{"line":11,"column":7}},"1":{"start":{"line":9,"column":8},"end":{"line":9,"column":39}},"2":{"start":{"line":10,"column":8},"end":{"line":10,"column":38}},"3":{"start":{"line":13,"column":4},"end":{"line":13,"column":66}},"4":{"start":{"line":17,"column":4},"end":{"line":17,"column":65}},"5":{"start":{"line":21,"column":47},"end":{"line":25,"column":6}},"6":{"start":{"line":27,"column":4},"end":{"line":27,"column":64}},"7":{"start":{"line":30,"column":28},"end":{"line":34,"column":2}}},"fnMap":{"0":{"name":"createParticipants","decl":{"start":{"line":7,"column":15},"end":{"line":7,"column":33}},"loc":{"start":{"line":7,"column":104},"end":{"line":14,"column":null}}},"1":{"name":"(anonymous_9)","decl":{"start":{"line":8,"column":25},"end":{"line":8,"column":36}},"loc":{"start":{"line":8,"column":39},"end":{"line":11,"column":5}}},"2":{"name":"getParticipants","decl":{"start":{"line":16,"column":15},"end":{"line":16,"column":30}},"loc":{"start":{"line":16,"column":46},"end":{"line":18,"column":null}}},"3":{"name":"createUserAsParticipant","decl":{"start":{"line":20,"column":15},"end":{"line":20,"column":38}},"loc":{"start":{"line":20,"column":66},"end":{"line":28,"column":null}}}},"branchMap":{},"s":{"0":1,"1":2,"2":2,"3":1,"4":1,"5":1,"6":1,"7":1},"f":{"0":1,"1":2,"2":1,"3":1},"b":{}}
,"/home/nikolas/Documents/driven/BarTab/back-end/src/services/tablesServices.ts": {"path":"/home/nikolas/Documents/driven/BarTab/back-end/src/services/tablesServices.ts","statementMap":{"0":{"start":{"line":7,"column":4},"end":{"line":7,"column":32}},"1":{"start":{"line":9,"column":35},"end":{"line":12,"column":6}},"2":{"start":{"line":14,"column":4},"end":{"line":14,"column":52}},"3":{"start":{"line":18,"column":26},"end":{"line":18,"column":50}},"4":{"start":{"line":19,"column":4},"end":{"line":19,"column":67}},"5":{"start":{"line":19,"column":23},"end":{"line":19,"column":67}},"6":{"start":{"line":23,"column":4},"end":{"line":23,"column":52}},"7":{"start":{"line":26,"column":22},"end":{"line":30,"column":2}}},"fnMap":{"0":{"name":"createNewTable","decl":{"start":{"line":6,"column":15},"end":{"line":6,"column":29}},"loc":{"start":{"line":6,"column":58},"end":{"line":15,"column":null}}},"1":{"name":"deleteCurrent","decl":{"start":{"line":17,"column":15},"end":{"line":17,"column":28}},"loc":{"start":{"line":17,"column":43},"end":{"line":20,"column":null}}},"2":{"name":"getCurrent","decl":{"start":{"line":22,"column":15},"end":{"line":22,"column":25}},"loc":{"start":{"line":22,"column":40},"end":{"line":24,"column":null}}}},"branchMap":{"0":{"loc":{"start":{"line":19,"column":4},"end":{"line":19,"column":67}},"type":"if","locations":[{"start":{"line":19,"column":4},"end":{"line":19,"column":67}}]}},"s":{"0":2,"1":2,"2":2,"3":2,"4":2,"5":1,"6":2,"7":1},"f":{"0":2,"1":2,"2":2},"b":{"0":[1]}}
}
