TN:
SF:src/database.ts
FNF:0
FNH:0
DA:3,4
DA:4,4
LF:2
LH:2
BRF:0
BRH:0
end_of_record
TN:
SF:src/repositories/authRepository.ts
FN:5,getByEmail
FN:9,create
FNF:2
FNH:0
FNDA:0,getByEmail
FNDA:0,create
DA:6,0
DA:10,0
DA:13,1
LF:3
LH:1
BRF:0
BRH:0
end_of_record
TN:
SF:src/repositories/itemsRepository.ts
FN:4,createItems
FN:12,findMany
FN:18,createParticipantItemRelation
FN:24,findParticipantsItems
FNF:4
FNH:0
FNDA:0,createItems
FNDA:0,findMany
FNDA:0,createParticipantItemRelation
FNDA:0,findParticipantsItems
DA:5,0
DA:13,0
DA:19,0
DA:25,0
DA:42,0
DA:45,1
LF:6
LH:1
BRF:0
BRH:0
end_of_record
TN:
SF:src/repositories/participantsRepository.ts
FN:4,createParticipants
FN:12,createParticipant
FN:16,findManyByTable
FNF:3
FNH:0
FNDA:0,createParticipants
FNDA:0,createParticipant
FNDA:0,findManyByTable
DA:5,0
DA:13,0
DA:17,0
DA:22,1
LF:4
LH:1
BRF:0
BRH:0
end_of_record
TN:
SF:src/repositories/tablesRespository.ts
FN:4,createTable
FN:8,findById
FN:12,findByUser
FN:16,deleteCurrent
FNF:4
FNH:0
FNDA:0,createTable
FNDA:0,findById
FNDA:0,findByUser
FNDA:0,deleteCurrent
DA:5,0
DA:9,0
DA:13,0
DA:17,0
DA:20,1
LF:5
LH:1
BRF:0
BRH:0
end_of_record
TN:
SF:src/services/authServices.ts
FN:9,createNewUser
FN:18,logUserIn
FNF:2
FNH:2
FNDA:2,createNewUser
FNDA:3,logUserIn
DA:10,2
DA:11,2
DA:13,1
DA:15,1
DA:19,3
DA:20,3
DA:22,2
DA:23,2
DA:25,1
DA:27,1
DA:28,1
DA:29,1
DA:30,1
DA:33,1
LF:14
LH:14
BRDA:11,0,0,1
BRDA:20,1,0,1
BRDA:23,2,0,1
BRF:3
BRH:3
end_of_record
TN:
SF:src/services/itemsServices.ts
FN:25,createItems
FN:26,(anonymous_9)
FN:39,createItemParticipantRelation
FN:45,(anonymous_12)
FN:58,getTableItems
FN:63,calculateTableTotal
FN:65,(anonymous_16)
FN:73,getParticipantsItems
FN:75,(anonymous_19)
FN:79,calculateParticipantTotal
FN:81,(anonymous_21)
FNF:11
FNH:11
FNDA:1,createItems
FNDA:1,(anonymous_9)
FNDA:1,createItemParticipantRelation
FNDA:2,(anonymous_12)
FNDA:1,getTableItems
FNDA:1,calculateTableTotal
FNDA:1,(anonymous_16)
FNDA:1,getParticipantsItems
FNDA:1,(anonymous_19)
FNDA:1,calculateParticipantTotal
FNDA:1,(anonymous_21)
DA:26,1
DA:27,1
DA:36,1
DA:40,1
DA:42,1
DA:44,1
DA:45,1
DA:46,2
DA:55,1
DA:59,1
DA:60,1
DA:64,1
DA:65,1
DA:66,1
DA:70,1
DA:74,1
DA:75,1
DA:76,1
DA:80,1
DA:81,1
DA:82,1
DA:85,1
LF:22
LH:22
BRF:0
BRH:0
end_of_record
TN:
SF:src/services/participantsServices.ts
FN:7,createParticipants
FN:8,(anonymous_9)
FN:16,getParticipants
FN:20,createUserAsParticipant
FNF:4
FNH:4
FNDA:1,createParticipants
FNDA:2,(anonymous_9)
FNDA:1,getParticipants
FNDA:1,createUserAsParticipant
DA:8,1
DA:9,2
DA:10,2
DA:13,1
DA:17,1
DA:21,1
DA:27,1
DA:30,1
LF:8
LH:8
BRF:0
BRH:0
end_of_record
TN:
SF:src/services/tablesServices.ts
FN:6,createNewTable
FN:17,deleteCurrent
FN:22,getCurrent
FNF:3
FNH:3
FNDA:2,createNewTable
FNDA:2,deleteCurrent
FNDA:2,getCurrent
DA:7,2
DA:9,2
DA:14,2
DA:18,2
DA:19,2
DA:23,2
DA:26,1
LF:7
LH:7
BRDA:19,0,0,1
BRF:1
BRH:1
end_of_record
